[debug] [2017-06-08T11:08:44.934Z] ----------------------------------------------------------------------
[debug] [2017-06-08T11:08:44.938Z] Command:      C:\Program Files\nodejs\node.exe C:\Users\KhoiNguyen\AppData\Roaming\npm\node_modules\firebase-tools\bin\firebase serve
[debug] [2017-06-08T11:08:44.939Z] CLI Version:  3.9.1
[debug] [2017-06-08T11:08:44.939Z] Platform:     win32
[debug] [2017-06-08T11:08:44.939Z] Node Version: v6.10.1
[debug] [2017-06-08T11:08:44.939Z] Time:         Thu Jun 08 2017 18:08:44 GMT+0700 (SE Asia Standard Time)
[debug] [2017-06-08T11:08:44.940Z] ----------------------------------------------------------------------
[debug] 
[debug] [2017-06-08T11:08:44.957Z] > command requires scopes: ["email","openid","https://www.googleapis.com/auth/cloudplatformprojects.readonly","https://www.googleapis.com/auth/firebase","https://www.googleapis.com/auth/cloud-platform"]
[debug] [2017-06-08T11:08:44.957Z] > authorizing via signed-in user
[debug] [2017-06-08T11:08:44.961Z] >>> HTTP REQUEST GET https://admin.firebase.com/v1/projects/easyshopping-169409  
 Thu Jun 08 2017 18:08:44 GMT+0700 (SE Asia Standard Time)
[debug] [2017-06-08T11:08:46.015Z] <<< HTTP RESPONSE 200
[debug] [2017-06-08T11:08:46.018Z] >>> HTTP REQUEST GET https://admin.firebase.com/v1/database/easyshopping-169409/tokens  
 Thu Jun 08 2017 18:08:46 GMT+0700 (SE Asia Standard Time)
[debug] [2017-06-08T11:08:46.855Z] <<< HTTP RESPONSE 200
[info] 
[info] === Serving from 'D:\C#\EasyShopping\EasyShopping.Mvc'...
[info] 
[debug] [2017-06-08T11:08:46.886Z] >>> HTTP REQUEST GET https://cloudresourcemanager.googleapis.com/v1/projects/easyshopping-169409  
 Thu Jun 08 2017 18:08:46 GMT+0700 (SE Asia Standard Time)
[debug] [2017-06-08T11:08:48.124Z] <<< HTTP RESPONSE 200
[debug] [2017-06-08T11:08:48.125Z] >>> HTTP REQUEST GET https://mobilesdk-pa.googleapis.com/v1/projects/852315992773/clients/_:getWebAppConfig  
 Thu Jun 08 2017 18:08:48 GMT+0700 (SE Asia Standard Time)
[debug] [2017-06-08T11:08:49.433Z] <<< HTTP RESPONSE 200
[debug] [2017-06-08T11:08:49.556Z] TypeError: Cannot read property 'public' of undefined
[error] 
[error] Error: An unexpected error has occurred.
